<?xml version="1.0" encoding="UTF-8"?>
<testng-results ignored="0" total="1" passed="1" failed="0" skipped="0">
  <reporter-output>
  </reporter-output>
  <suite started-at="2024-07-07T18:11:22 IST" name="Default suite" finished-at="2024-07-07T18:11:30 IST" duration-ms="7579">
    <groups>
    </groups>
    <test started-at="2024-07-07T18:11:22 IST" name="Default test" finished-at="2024-07-07T18:11:30 IST" duration-ms="7579">
      <class name="com.mystore.testcases.TC_LoginPage">
        <test-method is-config="true" signature="setUp()[pri:0, instance:com.mystore.testcases.TC_LoginPage@17f9d882]" started-at="2024-07-07T18:11:22 IST" name="setUp" finished-at="2024-07-07T18:11:29 IST" duration-ms="6827" status="PASS">
          <reporter-output>
          </reporter-output>
        </test-method> <!-- setUp -->
        <test-method signature="login()[pri:0, instance:com.mystore.testcases.TC_LoginPage@17f9d882]" started-at="2024-07-07T18:11:29 IST" name="login" finished-at="2024-07-07T18:11:30 IST" duration-ms="682" status="PASS">
          <reporter-output>
          </reporter-output>
        </test-method> <!-- login -->
        <test-method is-config="true" signature="tearDown()[pri:0, instance:com.mystore.testcases.TC_LoginPage@17f9d882]" started-at="2024-07-07T18:11:30 IST" name="tearDown" finished-at="2024-07-07T18:11:30 IST" duration-ms="6" status="PASS">
          <reporter-output>
          </reporter-output>
        </test-method> <!-- tearDown -->
      </class> <!-- com.mystore.testcases.TC_LoginPage -->
    </test> <!-- Default test -->
  </suite> <!-- Default suite -->
</testng-results>
